<?xml version="1.0" encoding="UTF-8"?>
<!-- Generated by org.testng.reporters.JUnitReportReporter -->
<testsuite hostname="DESKTOP-T1UPTMJ" failures="0" tests="1" name="com.framework.bussinesscripts.Login" time="6.079" errors="0" timestamp="29 Aug 2021 14:22:44 GMT">
  <testcase classname="com.framework.bussinesscripts.Login" name="login" time="6.079"/>
</testsuite> <!-- com.framework.bussinesscripts.Login -->
